{"C:\\Users\\juanp\\Documents\\GitHub\\ELECTIVA2-CLON_TINDER-DJV\\src\\application\\controllers\\authUserContoller.js": {"path":"C:\\Users\\juanp\\Documents\\GitHub\\ELECTIVA2-CLON_TINDER-DJV\\src\\application\\controllers\\authUserContoller.js","statementMap":{"0":{"start":{"line":7,"column":28},"end":{"line":29,"column":1}},"1":{"start":{"line":9,"column":4},"end":{"line":28,"column":5}},"2":{"start":{"line":10,"column":21},"end":{"line":10,"column":29}},"3":{"start":{"line":16,"column":8},"end":{"line":20,"column":11}},"4":{"start":{"line":22,"column":8},"end":{"line":22,"column":27}},"5":{"start":{"line":23,"column":8},"end":{"line":27,"column":11}},"6":{"start":{"line":31,"column":32},"end":{"line":43,"column":1}},"7":{"start":{"line":32,"column":4},"end":{"line":42,"column":5}},"8":{"start":{"line":33,"column":26},"end":{"line":33,"column":36}},"9":{"start":{"line":34,"column":25},"end":{"line":34,"column":61}},"10":{"start":{"line":35,"column":8},"end":{"line":35,"column":51}},"11":{"start":{"line":37,"column":8},"end":{"line":41,"column":11}},"12":{"start":{"line":45,"column":21},"end":{"line":79,"column":1}},"13":{"start":{"line":46,"column":4},"end":{"line":78,"column":5}},"14":{"start":{"line":47,"column":36},"end":{"line":47,"column":44}},"15":{"start":{"line":48,"column":40},"end":{"line":48,"column":76}},"16":{"start":{"line":49,"column":8},"end":{"line":55,"column":9}},"17":{"start":{"line":50,"column":12},"end":{"line":54,"column":15}},"18":{"start":{"line":56,"column":37},"end":{"line":56,"column":72}},"19":{"start":{"line":57,"column":31},"end":{"line":57,"column":39}},"20":{"start":{"line":58,"column":32},"end":{"line":58,"column":80}},"21":{"start":{"line":59,"column":8},"end":{"line":65,"column":9}},"22":{"start":{"line":60,"column":12},"end":{"line":64,"column":15}},"23":{"start":{"line":66,"column":22},"end":{"line":66,"column":43}},"24":{"start":{"line":67,"column":8},"end":{"line":69,"column":11}},"25":{"start":{"line":71,"column":8},"end":{"line":71,"column":27}},"26":{"start":{"line":73,"column":8},"end":{"line":77,"column":11}}},"fnMap":{"0":{"name":"(anonymous_0)","decl":{"start":{"line":7,"column":28},"end":{"line":7,"column":29}},"loc":{"start":{"line":7,"column":49},"end":{"line":29,"column":1}},"line":7},"1":{"name":"(anonymous_1)","decl":{"start":{"line":31,"column":32},"end":{"line":31,"column":33}},"loc":{"start":{"line":31,"column":53},"end":{"line":43,"column":1}},"line":31},"2":{"name":"(anonymous_2)","decl":{"start":{"line":45,"column":21},"end":{"line":45,"column":22}},"loc":{"start":{"line":45,"column":42},"end":{"line":79,"column":1}},"line":45}},"branchMap":{"0":{"loc":{"start":{"line":49,"column":8},"end":{"line":55,"column":9}},"type":"if","locations":[{"start":{"line":49,"column":8},"end":{"line":55,"column":9}},{"start":{},"end":{}}],"line":49},"1":{"loc":{"start":{"line":59,"column":8},"end":{"line":65,"column":9}},"type":"if","locations":[{"start":{"line":59,"column":8},"end":{"line":65,"column":9}},{"start":{},"end":{}}],"line":59}},"s":{"0":3,"1":1,"2":1,"3":1,"4":0,"5":0,"6":3,"7":2,"8":2,"9":2,"10":1,"11":1,"12":3,"13":4,"14":4,"15":4,"16":3,"17":1,"18":2,"19":2,"20":2,"21":2,"22":1,"23":1,"24":1,"25":1,"26":1},"f":{"0":1,"1":2,"2":4},"b":{"0":[1,2],"1":[1,1]},"_coverageSchema":"1a1c01bbd47fc00a2c39e90264f33305004495a9","hash":"f6ea6fa21bc80d9c077b1334b416ec8961f10918"}
,"C:\\Users\\juanp\\Documents\\GitHub\\ELECTIVA2-CLON_TINDER-DJV\\src\\application\\controllers\\hobbiesController.js": {"path":"C:\\Users\\juanp\\Documents\\GitHub\\ELECTIVA2-CLON_TINDER-DJV\\src\\application\\controllers\\hobbiesController.js","statementMap":{"0":{"start":{"line":3,"column":26},"end":{"line":17,"column":1}},"1":{"start":{"line":4,"column":4},"end":{"line":16,"column":5}},"2":{"start":{"line":5,"column":21},"end":{"line":5,"column":38}},"3":{"start":{"line":6,"column":23},"end":{"line":6,"column":109}},"4":{"start":{"line":7,"column":8},"end":{"line":7,"column":59}},"5":{"start":{"line":9,"column":8},"end":{"line":9,"column":27}},"6":{"start":{"line":11,"column":8},"end":{"line":15,"column":11}}},"fnMap":{"0":{"name":"(anonymous_0)","decl":{"start":{"line":3,"column":26},"end":{"line":3,"column":27}},"loc":{"start":{"line":3,"column":47},"end":{"line":17,"column":1}},"line":3}},"branchMap":{},"s":{"0":1,"1":1,"2":1,"3":1,"4":1,"5":0,"6":0},"f":{"0":1},"b":{},"_coverageSchema":"1a1c01bbd47fc00a2c39e90264f33305004495a9","hash":"b1d654101f107426970baee586635a46e2dff786"}
,"C:\\Users\\juanp\\Documents\\GitHub\\ELECTIVA2-CLON_TINDER-DJV\\src\\application\\controllers\\usersController.js": {"path":"C:\\Users\\juanp\\Documents\\GitHub\\ELECTIVA2-CLON_TINDER-DJV\\src\\application\\controllers\\usersController.js","statementMap":{"0":{"start":{"line":3,"column":40},"end":{"line":15,"column":1}},"1":{"start":{"line":4,"column":4},"end":{"line":14,"column":5}},"2":{"start":{"line":5,"column":27},"end":{"line":5,"column":30}},"3":{"start":{"line":6,"column":25},"end":{"line":6,"column":70}},"4":{"start":{"line":7,"column":8},"end":{"line":7,"column":47}},"5":{"start":{"line":9,"column":8},"end":{"line":13,"column":11}},"6":{"start":{"line":17,"column":42},"end":{"line":29,"column":1}},"7":{"start":{"line":18,"column":4},"end":{"line":28,"column":5}},"8":{"start":{"line":19,"column":27},"end":{"line":19,"column":30}},"9":{"start":{"line":20,"column":25},"end":{"line":20,"column":72}},"10":{"start":{"line":21,"column":8},"end":{"line":21,"column":47}},"11":{"start":{"line":23,"column":8},"end":{"line":27,"column":11}},"12":{"start":{"line":31,"column":29},"end":{"line":46,"column":1}},"13":{"start":{"line":32,"column":4},"end":{"line":45,"column":5}},"14":{"start":{"line":33,"column":8},"end":{"line":33,"column":30}},"15":{"start":{"line":34,"column":8},"end":{"line":38,"column":11}},"16":{"start":{"line":40,"column":8},"end":{"line":44,"column":11}}},"fnMap":{"0":{"name":"(anonymous_0)","decl":{"start":{"line":3,"column":40},"end":{"line":3,"column":41}},"loc":{"start":{"line":3,"column":61},"end":{"line":15,"column":1}},"line":3},"1":{"name":"(anonymous_1)","decl":{"start":{"line":17,"column":42},"end":{"line":17,"column":43}},"loc":{"start":{"line":17,"column":63},"end":{"line":29,"column":1}},"line":17},"2":{"name":"(anonymous_2)","decl":{"start":{"line":31,"column":29},"end":{"line":31,"column":30}},"loc":{"start":{"line":31,"column":50},"end":{"line":46,"column":1}},"line":31}},"branchMap":{},"s":{"0":1,"1":2,"2":2,"3":2,"4":1,"5":1,"6":1,"7":2,"8":2,"9":2,"10":1,"11":1,"12":1,"13":2,"14":2,"15":2,"16":0},"f":{"0":2,"1":2,"2":2},"b":{},"_coverageSchema":"1a1c01bbd47fc00a2c39e90264f33305004495a9","hash":"df5c7a1cc6877fa5900d1867abe9265a968013aa"}
,"C:\\Users\\juanp\\Documents\\GitHub\\ELECTIVA2-CLON_TINDER-DJV\\src\\domain\\services\\authUserService.js": {"path":"C:\\Users\\juanp\\Documents\\GitHub\\ELECTIVA2-CLON_TINDER-DJV\\src\\domain\\services\\authUserService.js","statementMap":{"0":{"start":{"line":8,"column":35},"end":{"line":59,"column":1}},"1":{"start":{"line":9,"column":4},"end":{"line":58,"column":5}},"2":{"start":{"line":10,"column":170},"end":{"line":10,"column":174}},"3":{"start":{"line":11,"column":28},"end":{"line":11,"column":42}},"4":{"start":{"line":12,"column":30},"end":{"line":12,"column":58}},"5":{"start":{"line":13,"column":21},"end":{"line":13,"column":38}},"6":{"start":{"line":16,"column":23},"end":{"line":32,"column":32}},"7":{"start":{"line":33,"column":23},"end":{"line":33,"column":53}},"8":{"start":{"line":34,"column":8},"end":{"line":40,"column":11}},"9":{"start":{"line":35,"column":12},"end":{"line":39,"column":39}},"10":{"start":{"line":42,"column":8},"end":{"line":54,"column":11}},"11":{"start":{"line":43,"column":30},"end":{"line":43,"column":44}},"12":{"start":{"line":45,"column":12},"end":{"line":51,"column":38}},"13":{"start":{"line":52,"column":12},"end":{"line":52,"column":124}},"14":{"start":{"line":57,"column":8},"end":{"line":57,"column":20}},"15":{"start":{"line":61,"column":39},"end":{"line":74,"column":1}},"16":{"start":{"line":63,"column":4},"end":{"line":73,"column":5}},"17":{"start":{"line":64,"column":21},"end":{"line":64,"column":38}},"18":{"start":{"line":65,"column":23},"end":{"line":68,"column":32}},"19":{"start":{"line":69,"column":25},"end":{"line":69,"column":54}},"20":{"start":{"line":70,"column":8},"end":{"line":70,"column":24}},"21":{"start":{"line":72,"column":8},"end":{"line":72,"column":20}},"22":{"start":{"line":76,"column":38},"end":{"line":86,"column":1}},"23":{"start":{"line":77,"column":17},"end":{"line":77,"column":34}},"24":{"start":{"line":78,"column":19},"end":{"line":81,"column":28}},"25":{"start":{"line":83,"column":21},"end":{"line":83,"column":53}},"26":{"start":{"line":84,"column":19},"end":{"line":84,"column":45}},"27":{"start":{"line":85,"column":4},"end":{"line":85,"column":32}}},"fnMap":{"0":{"name":"(anonymous_0)","decl":{"start":{"line":8,"column":35},"end":{"line":8,"column":36}},"loc":{"start":{"line":8,"column":51},"end":{"line":59,"column":1}},"line":8},"1":{"name":"(anonymous_1)","decl":{"start":{"line":34,"column":24},"end":{"line":34,"column":25}},"loc":{"start":{"line":34,"column":40},"end":{"line":40,"column":9}},"line":34},"2":{"name":"(anonymous_2)","decl":{"start":{"line":42,"column":23},"end":{"line":42,"column":24}},"loc":{"start":{"line":42,"column":38},"end":{"line":54,"column":9}},"line":42},"3":{"name":"(anonymous_3)","decl":{"start":{"line":61,"column":39},"end":{"line":61,"column":40}},"loc":{"start":{"line":61,"column":56},"end":{"line":74,"column":1}},"line":61},"4":{"name":"(anonymous_4)","decl":{"start":{"line":76,"column":38},"end":{"line":76,"column":39}},"loc":{"start":{"line":76,"column":55},"end":{"line":86,"column":1}},"line":76}},"branchMap":{},"s":{"0":3,"1":0,"2":0,"3":0,"4":0,"5":0,"6":0,"7":0,"8":0,"9":0,"10":0,"11":0,"12":0,"13":0,"14":0,"15":3,"16":0,"17":0,"18":0,"19":0,"20":0,"21":0,"22":3,"23":0,"24":0,"25":0,"26":0,"27":0},"f":{"0":0,"1":0,"2":0,"3":0,"4":0},"b":{},"_coverageSchema":"1a1c01bbd47fc00a2c39e90264f33305004495a9","hash":"bf9ad49783942a22bd1263d88a652d4521d52182"}
,"C:\\Users\\juanp\\Documents\\GitHub\\ELECTIVA2-CLON_TINDER-DJV\\src\\domain\\services\\hashPasswordService.js": {"path":"C:\\Users\\juanp\\Documents\\GitHub\\ELECTIVA2-CLON_TINDER-DJV\\src\\domain\\services\\hashPasswordService.js","statementMap":{"0":{"start":{"line":3,"column":28},"end":{"line":7,"column":1}},"1":{"start":{"line":4,"column":21},"end":{"line":4,"column":23}},"2":{"start":{"line":5,"column":25},"end":{"line":5,"column":64}},"3":{"start":{"line":6,"column":2},"end":{"line":6,"column":24}},"4":{"start":{"line":10,"column":32},"end":{"line":18,"column":1}},"5":{"start":{"line":11,"column":2},"end":{"line":17,"column":3}},"6":{"start":{"line":12,"column":19},"end":{"line":12,"column":65}},"7":{"start":{"line":13,"column":4},"end":{"line":13,"column":18}},"8":{"start":{"line":15,"column":4},"end":{"line":15,"column":60}},"9":{"start":{"line":16,"column":4},"end":{"line":16,"column":53}}},"fnMap":{"0":{"name":"(anonymous_0)","decl":{"start":{"line":3,"column":28},"end":{"line":3,"column":29}},"loc":{"start":{"line":3,"column":48},"end":{"line":7,"column":1}},"line":3},"1":{"name":"(anonymous_1)","decl":{"start":{"line":10,"column":32},"end":{"line":10,"column":33}},"loc":{"start":{"line":10,"column":68},"end":{"line":18,"column":1}},"line":10}},"branchMap":{},"s":{"0":5,"1":2,"2":2,"3":1,"4":5,"5":3,"6":3,"7":2,"8":1,"9":1},"f":{"0":2,"1":3},"b":{},"_coverageSchema":"1a1c01bbd47fc00a2c39e90264f33305004495a9","hash":"c1a57413c28161595874c022230a5a837b8695c6"}
,"C:\\Users\\juanp\\Documents\\GitHub\\ELECTIVA2-CLON_TINDER-DJV\\src\\domain\\services\\jwtConfiguratorService.js": {"path":"C:\\Users\\juanp\\Documents\\GitHub\\ELECTIVA2-CLON_TINDER-DJV\\src\\domain\\services\\jwtConfiguratorService.js","statementMap":{"0":{"start":{"line":3,"column":0},"end":{"line":3,"column":16}},"1":{"start":{"line":5,"column":29},"end":{"line":11,"column":1}},"2":{"start":{"line":7,"column":18},"end":{"line":9,"column":6}},"3":{"start":{"line":10,"column":4},"end":{"line":10,"column":17}}},"fnMap":{"0":{"name":"(anonymous_0)","decl":{"start":{"line":5,"column":29},"end":{"line":5,"column":30}},"loc":{"start":{"line":5,"column":41},"end":{"line":11,"column":1}},"line":5}},"branchMap":{},"s":{"0":4,"1":4,"2":2,"3":1},"f":{"0":2},"b":{},"_coverageSchema":"1a1c01bbd47fc00a2c39e90264f33305004495a9","hash":"8b626aff7fba6c85c3bab1a3007d73bc4a8da257"}
,"C:\\Users\\juanp\\Documents\\GitHub\\ELECTIVA2-CLON_TINDER-DJV\\src\\domain\\services\\randomStringService.js": {"path":"C:\\Users\\juanp\\Documents\\GitHub\\ELECTIVA2-CLON_TINDER-DJV\\src\\domain\\services\\randomStringService.js","statementMap":{"0":{"start":{"line":3,"column":28},"end":{"line":5,"column":1}},"1":{"start":{"line":4,"column":4},"end":{"line":4,"column":20}}},"fnMap":{"0":{"name":"(anonymous_0)","decl":{"start":{"line":3,"column":28},"end":{"line":3,"column":29}},"loc":{"start":{"line":3,"column":34},"end":{"line":5,"column":1}},"line":3}},"branchMap":{},"s":{"0":4,"1":3},"f":{"0":3},"b":{},"_coverageSchema":"1a1c01bbd47fc00a2c39e90264f33305004495a9","hash":"cd633c33bed30eded548499deb50b966766ed1fd"}
,"C:\\Users\\juanp\\Documents\\GitHub\\ELECTIVA2-CLON_TINDER-DJV\\src\\domain\\services\\usersService.js": {"path":"C:\\Users\\juanp\\Documents\\GitHub\\ELECTIVA2-CLON_TINDER-DJV\\src\\domain\\services\\usersService.js","statementMap":{"0":{"start":{"line":3,"column":47},"end":{"line":18,"column":1}},"1":{"start":{"line":4,"column":4},"end":{"line":17,"column":5}},"2":{"start":{"line":5,"column":21},"end":{"line":5,"column":38}},"3":{"start":{"line":6,"column":23},"end":{"line":9,"column":32}},"4":{"start":{"line":10,"column":25},"end":{"line":10,"column":44}},"5":{"start":{"line":11,"column":8},"end":{"line":11,"column":61}},"6":{"start":{"line":12,"column":8},"end":{"line":12,"column":60}},"7":{"start":{"line":13,"column":8},"end":{"line":13,"column":24}},"8":{"start":{"line":15,"column":8},"end":{"line":15,"column":27}},"9":{"start":{"line":16,"column":8},"end":{"line":16,"column":97}},"10":{"start":{"line":21,"column":36},"end":{"line":33,"column":1}},"11":{"start":{"line":22,"column":4},"end":{"line":32,"column":5}},"12":{"start":{"line":23,"column":21},"end":{"line":23,"column":38}},"13":{"start":{"line":24,"column":23},"end":{"line":27,"column":33}},"14":{"start":{"line":28,"column":25},"end":{"line":28,"column":41}},"15":{"start":{"line":29,"column":8},"end":{"line":29,"column":24}},"16":{"start":{"line":31,"column":8},"end":{"line":31,"column":44}},"17":{"start":{"line":35,"column":49},"end":{"line":51,"column":1}},"18":{"start":{"line":36,"column":4},"end":{"line":50,"column":5}},"19":{"start":{"line":37,"column":21},"end":{"line":37,"column":38}},"20":{"start":{"line":38,"column":23},"end":{"line":41,"column":32}},"21":{"start":{"line":42,"column":25},"end":{"line":42,"column":44}},"22":{"start":{"line":43,"column":28},"end":{"line":43,"column":50}},"23":{"start":{"line":44,"column":8},"end":{"line":44,"column":66}},"24":{"start":{"line":45,"column":8},"end":{"line":45,"column":65}},"25":{"start":{"line":46,"column":8},"end":{"line":46,"column":24}},"26":{"start":{"line":48,"column":8},"end":{"line":48,"column":27}},"27":{"start":{"line":49,"column":8},"end":{"line":49,"column":97}},"28":{"start":{"line":53,"column":34},"end":{"line":66,"column":1}},"29":{"start":{"line":54,"column":4},"end":{"line":65,"column":5}},"30":{"start":{"line":55,"column":21},"end":{"line":55,"column":38}},"31":{"start":{"line":56,"column":23},"end":{"line":59,"column":34}},"32":{"start":{"line":60,"column":25},"end":{"line":60,"column":41}},"33":{"start":{"line":61,"column":8},"end":{"line":61,"column":24}},"34":{"start":{"line":63,"column":8},"end":{"line":63,"column":27}},"35":{"start":{"line":64,"column":8},"end":{"line":64,"column":97}}},"fnMap":{"0":{"name":"(anonymous_0)","decl":{"start":{"line":3,"column":47},"end":{"line":3,"column":48}},"loc":{"start":{"line":3,"column":65},"end":{"line":18,"column":1}},"line":3},"1":{"name":"(anonymous_1)","decl":{"start":{"line":21,"column":36},"end":{"line":21,"column":37}},"loc":{"start":{"line":21,"column":54},"end":{"line":33,"column":1}},"line":21},"2":{"name":"(anonymous_2)","decl":{"start":{"line":35,"column":49},"end":{"line":35,"column":50}},"loc":{"start":{"line":35,"column":67},"end":{"line":51,"column":1}},"line":35},"3":{"name":"(anonymous_3)","decl":{"start":{"line":53,"column":34},"end":{"line":53,"column":35}},"loc":{"start":{"line":53,"column":52},"end":{"line":66,"column":1}},"line":53}},"branchMap":{},"s":{"0":1,"1":0,"2":0,"3":0,"4":0,"5":0,"6":0,"7":0,"8":0,"9":0,"10":1,"11":0,"12":0,"13":0,"14":0,"15":0,"16":0,"17":1,"18":0,"19":0,"20":0,"21":0,"22":0,"23":0,"24":0,"25":0,"26":0,"27":0,"28":1,"29":0,"30":0,"31":0,"32":0,"33":0,"34":0,"35":0},"f":{"0":0,"1":0,"2":0,"3":0},"b":{},"_coverageSchema":"1a1c01bbd47fc00a2c39e90264f33305004495a9","hash":"42f7bb70ff3e2d085b75c86e659dabaeb476b8c1"}
,"C:\\Users\\juanp\\Documents\\GitHub\\ELECTIVA2-CLON_TINDER-DJV\\src\\infrastructure\\blobstorage\\blobStorage.js": {"path":"C:\\Users\\juanp\\Documents\\GitHub\\ELECTIVA2-CLON_TINDER-DJV\\src\\infrastructure\\blobstorage\\blobStorage.js","statementMap":{"0":{"start":{"line":3,"column":12},"end":{"line":3,"column":199}},"1":{"start":{"line":4,"column":26},"end":{"line":4,"column":69}},"2":{"start":{"line":6,"column":39},"end":{"line":26,"column":1}},"3":{"start":{"line":7,"column":4},"end":{"line":25,"column":5}},"4":{"start":{"line":8,"column":23},"end":{"line":8,"column":57}},"5":{"start":{"line":9,"column":32},"end":{"line":9,"column":83}},"6":{"start":{"line":10,"column":8},"end":{"line":10,"column":73}},"7":{"start":{"line":13,"column":32},"end":{"line":13,"column":76}},"8":{"start":{"line":16,"column":8},"end":{"line":18,"column":11}},"9":{"start":{"line":20,"column":8},"end":{"line":20,"column":55}},"10":{"start":{"line":21,"column":8},"end":{"line":21,"column":35}},"11":{"start":{"line":23,"column":8},"end":{"line":23,"column":27}}},"fnMap":{"0":{"name":"(anonymous_0)","decl":{"start":{"line":6,"column":39},"end":{"line":6,"column":40}},"loc":{"start":{"line":6,"column":92},"end":{"line":26,"column":1}},"line":6}},"branchMap":{},"s":{"0":4,"1":4,"2":4,"3":2,"4":2,"5":2,"6":0,"7":0,"8":0,"9":0,"10":0,"11":2},"f":{"0":2},"b":{},"_coverageSchema":"1a1c01bbd47fc00a2c39e90264f33305004495a9","hash":"e0ee81836c14afed73bb80799d2fcb1536ae8f94"}
,"C:\\Users\\juanp\\Documents\\GitHub\\ELECTIVA2-CLON_TINDER-DJV\\src\\infrastructure\\databases\\config.js": {"path":"C:\\Users\\juanp\\Documents\\GitHub\\ELECTIVA2-CLON_TINDER-DJV\\src\\infrastructure\\databases\\config.js","statementMap":{"0":{"start":{"line":2,"column":0},"end":{"line":2,"column":16}},"1":{"start":{"line":4,"column":18},"end":{"line":14,"column":1}}},"fnMap":{},"branchMap":{},"s":{"0":5,"1":5},"f":{},"b":{},"_coverageSchema":"1a1c01bbd47fc00a2c39e90264f33305004495a9","hash":"311362cf68abe1bbe5ba99289c3293ba50ea410f"}
,"C:\\Users\\juanp\\Documents\\GitHub\\ELECTIVA2-CLON_TINDER-DJV\\src\\infrastructure\\databases\\mySqlRepository.js": {"path":"C:\\Users\\juanp\\Documents\\GitHub\\ELECTIVA2-CLON_TINDER-DJV\\src\\infrastructure\\databases\\mySqlRepository.js","statementMap":{"0":{"start":{"line":6,"column":27},"end":{"line":12,"column":70}},"1":{"start":{"line":9,"column":4},"end":{"line":9,"column":52}},"2":{"start":{"line":10,"column":4},"end":{"line":10,"column":16}},"3":{"start":{"line":12,"column":16},"end":{"line":12,"column":69}}},"fnMap":{"0":{"name":"(anonymous_0)","decl":{"start":{"line":8,"column":8},"end":{"line":8,"column":9}},"loc":{"start":{"line":8,"column":16},"end":{"line":11,"column":3}},"line":8},"1":{"name":"(anonymous_1)","decl":{"start":{"line":12,"column":9},"end":{"line":12,"column":10}},"loc":{"start":{"line":12,"column":16},"end":{"line":12,"column":69}},"line":12}},"branchMap":{},"s":{"0":5,"1":1,"2":1,"3":0},"f":{"0":1,"1":0},"b":{},"_coverageSchema":"1a1c01bbd47fc00a2c39e90264f33305004495a9","hash":"95d64b833918ec15c893550b90d25f0b5a2a62e3"}
}
