{"C:\\Users\\Diego Madrid\\Desktop\\Proyecto tinder\\ELECTIVA2-CLON_TINDER-DJV\\src\\application\\controllers\\hobbiesController.js": {"path":"C:\\Users\\Diego Madrid\\Desktop\\Proyecto tinder\\ELECTIVA2-CLON_TINDER-DJV\\src\\application\\controllers\\hobbiesController.js","statementMap":{"0":{"start":{"line":3,"column":26},"end":{"line":15,"column":1}},"1":{"start":{"line":4,"column":4},"end":{"line":14,"column":5}},"2":{"start":{"line":5,"column":21},"end":{"line":5,"column":38}},"3":{"start":{"line":6,"column":23},"end":{"line":6,"column":109}},"4":{"start":{"line":7,"column":8},"end":{"line":7,"column":59}},"5":{"start":{"line":9,"column":6},"end":{"line":13,"column":11}}},"fnMap":{"0":{"name":"(anonymous_0)","decl":{"start":{"line":3,"column":26},"end":{"line":3,"column":27}},"loc":{"start":{"line":3,"column":47},"end":{"line":15,"column":1}},"line":3}},"branchMap":{},"s":{"0":1,"1":1,"2":1,"3":1,"4":0,"5":0},"f":{"0":1},"b":{},"_coverageSchema":"1a1c01bbd47fc00a2c39e90264f33305004495a9","hash":"74390a4cfb067a9eafaa8826763f629082905346"}
,"C:\\Users\\Diego Madrid\\Desktop\\Proyecto tinder\\ELECTIVA2-CLON_TINDER-DJV\\src\\application\\controllers\\usersController.js": {"path":"C:\\Users\\Diego Madrid\\Desktop\\Proyecto tinder\\ELECTIVA2-CLON_TINDER-DJV\\src\\application\\controllers\\usersController.js","statementMap":{"0":{"start":{"line":4,"column":40},"end":{"line":16,"column":1}},"1":{"start":{"line":5,"column":4},"end":{"line":15,"column":5}},"2":{"start":{"line":6,"column":27},"end":{"line":6,"column":30}},"3":{"start":{"line":7,"column":25},"end":{"line":7,"column":70}},"4":{"start":{"line":8,"column":8},"end":{"line":8,"column":47}},"5":{"start":{"line":10,"column":8},"end":{"line":14,"column":11}},"6":{"start":{"line":18,"column":42},"end":{"line":31,"column":1}},"7":{"start":{"line":19,"column":4},"end":{"line":30,"column":5}},"8":{"start":{"line":20,"column":27},"end":{"line":20,"column":30}},"9":{"start":{"line":22,"column":25},"end":{"line":22,"column":72}},"10":{"start":{"line":23,"column":8},"end":{"line":23,"column":47}},"11":{"start":{"line":25,"column":8},"end":{"line":29,"column":11}},"12":{"start":{"line":33,"column":29},"end":{"line":51,"column":1}},"13":{"start":{"line":34,"column":4},"end":{"line":50,"column":5}},"14":{"start":{"line":36,"column":27},"end":{"line":36,"column":35}},"15":{"start":{"line":37,"column":27},"end":{"line":37,"column":30}},"16":{"start":{"line":38,"column":8},"end":{"line":38,"column":51}},"17":{"start":{"line":39,"column":8},"end":{"line":43,"column":11}},"18":{"start":{"line":45,"column":8},"end":{"line":49,"column":11}},"19":{"start":{"line":54,"column":27},"end":{"line":75,"column":1}},"20":{"start":{"line":55,"column":4},"end":{"line":74,"column":5}},"21":{"start":{"line":57,"column":36},"end":{"line":57,"column":44}},"22":{"start":{"line":59,"column":27},"end":{"line":59,"column":30}},"23":{"start":{"line":60,"column":8},"end":{"line":60,"column":58}},"24":{"start":{"line":61,"column":8},"end":{"line":65,"column":11}},"25":{"start":{"line":67,"column":8},"end":{"line":67,"column":27}},"26":{"start":{"line":69,"column":8},"end":{"line":73,"column":11}},"27":{"start":{"line":77,"column":28},"end":{"line":91,"column":1}},"28":{"start":{"line":78,"column":4},"end":{"line":90,"column":5}},"29":{"start":{"line":79,"column":27},"end":{"line":79,"column":30}},"30":{"start":{"line":80,"column":25},"end":{"line":80,"column":58}},"31":{"start":{"line":81,"column":8},"end":{"line":81,"column":47}},"32":{"start":{"line":83,"column":8},"end":{"line":83,"column":27}},"33":{"start":{"line":85,"column":8},"end":{"line":89,"column":11}},"34":{"start":{"line":93,"column":28},"end":{"line":112,"column":1}},"35":{"start":{"line":94,"column":4},"end":{"line":111,"column":5}},"36":{"start":{"line":95,"column":27},"end":{"line":95,"column":30}},"37":{"start":{"line":96,"column":32},"end":{"line":96,"column":40}},"38":{"start":{"line":97,"column":8},"end":{"line":97,"column":60}},"39":{"start":{"line":98,"column":8},"end":{"line":102,"column":11}},"40":{"start":{"line":104,"column":8},"end":{"line":104,"column":27}},"41":{"start":{"line":106,"column":8},"end":{"line":110,"column":11}},"42":{"start":{"line":114,"column":27},"end":{"line":128,"column":1}},"43":{"start":{"line":115,"column":4},"end":{"line":127,"column":5}},"44":{"start":{"line":116,"column":28},"end":{"line":116,"column":38}},"45":{"start":{"line":117,"column":23},"end":{"line":117,"column":56}},"46":{"start":{"line":118,"column":8},"end":{"line":118,"column":47}},"47":{"start":{"line":120,"column":8},"end":{"line":120,"column":27}},"48":{"start":{"line":122,"column":8},"end":{"line":126,"column":11}}},"fnMap":{"0":{"name":"(anonymous_0)","decl":{"start":{"line":4,"column":40},"end":{"line":4,"column":41}},"loc":{"start":{"line":4,"column":61},"end":{"line":16,"column":1}},"line":4},"1":{"name":"(anonymous_1)","decl":{"start":{"line":18,"column":42},"end":{"line":18,"column":43}},"loc":{"start":{"line":18,"column":63},"end":{"line":31,"column":1}},"line":18},"2":{"name":"(anonymous_2)","decl":{"start":{"line":33,"column":29},"end":{"line":33,"column":30}},"loc":{"start":{"line":33,"column":50},"end":{"line":51,"column":1}},"line":33},"3":{"name":"(anonymous_3)","decl":{"start":{"line":54,"column":27},"end":{"line":54,"column":28}},"loc":{"start":{"line":54,"column":48},"end":{"line":75,"column":1}},"line":54},"4":{"name":"(anonymous_4)","decl":{"start":{"line":77,"column":28},"end":{"line":77,"column":29}},"loc":{"start":{"line":77,"column":49},"end":{"line":91,"column":1}},"line":77},"5":{"name":"(anonymous_5)","decl":{"start":{"line":93,"column":28},"end":{"line":93,"column":29}},"loc":{"start":{"line":93,"column":49},"end":{"line":112,"column":1}},"line":93},"6":{"name":"(anonymous_6)","decl":{"start":{"line":114,"column":27},"end":{"line":114,"column":28}},"loc":{"start":{"line":114,"column":48},"end":{"line":128,"column":1}},"line":114}},"branchMap":{},"s":{"0":3,"1":2,"2":2,"3":2,"4":1,"5":1,"6":3,"7":2,"8":2,"9":2,"10":1,"11":1,"12":3,"13":2,"14":2,"15":2,"16":2,"17":1,"18":1,"19":3,"20":2,"21":2,"22":2,"23":2,"24":1,"25":1,"26":1,"27":3,"28":2,"29":2,"30":2,"31":1,"32":1,"33":1,"34":3,"35":2,"36":2,"37":2,"38":2,"39":1,"40":1,"41":1,"42":3,"43":2,"44":2,"45":2,"46":1,"47":1,"48":1},"f":{"0":2,"1":2,"2":2,"3":2,"4":2,"5":2,"6":2},"b":{},"_coverageSchema":"1a1c01bbd47fc00a2c39e90264f33305004495a9","hash":"03dc0d1c7dd9bb08f679db9d2f5edd69d70b1a09"}
,"C:\\Users\\Diego Madrid\\Desktop\\Proyecto tinder\\ELECTIVA2-CLON_TINDER-DJV\\src\\domain\\services\\hashPasswordService.js": {"path":"C:\\Users\\Diego Madrid\\Desktop\\Proyecto tinder\\ELECTIVA2-CLON_TINDER-DJV\\src\\domain\\services\\hashPasswordService.js","statementMap":{"0":{"start":{"line":3,"column":28},"end":{"line":7,"column":1}},"1":{"start":{"line":4,"column":21},"end":{"line":4,"column":23}},"2":{"start":{"line":5,"column":25},"end":{"line":5,"column":64}},"3":{"start":{"line":6,"column":2},"end":{"line":6,"column":24}},"4":{"start":{"line":10,"column":32},"end":{"line":17,"column":1}},"5":{"start":{"line":11,"column":2},"end":{"line":16,"column":3}},"6":{"start":{"line":12,"column":19},"end":{"line":12,"column":65}},"7":{"start":{"line":13,"column":4},"end":{"line":13,"column":18}},"8":{"start":{"line":15,"column":4},"end":{"line":15,"column":53}}},"fnMap":{"0":{"name":"(anonymous_0)","decl":{"start":{"line":3,"column":28},"end":{"line":3,"column":29}},"loc":{"start":{"line":3,"column":48},"end":{"line":7,"column":1}},"line":3},"1":{"name":"(anonymous_1)","decl":{"start":{"line":10,"column":32},"end":{"line":10,"column":33}},"loc":{"start":{"line":10,"column":68},"end":{"line":17,"column":1}},"line":10}},"branchMap":{},"s":{"0":1,"1":2,"2":2,"3":1,"4":1,"5":3,"6":3,"7":2,"8":1},"f":{"0":2,"1":3},"b":{},"_coverageSchema":"1a1c01bbd47fc00a2c39e90264f33305004495a9","hash":"e2301b4a40d64a4071004e790b88c271cce609c0"}
,"C:\\Users\\Diego Madrid\\Desktop\\Proyecto tinder\\ELECTIVA2-CLON_TINDER-DJV\\src\\domain\\services\\jwtConfiguratorService.js": {"path":"C:\\Users\\Diego Madrid\\Desktop\\Proyecto tinder\\ELECTIVA2-CLON_TINDER-DJV\\src\\domain\\services\\jwtConfiguratorService.js","statementMap":{"0":{"start":{"line":3,"column":0},"end":{"line":3,"column":16}},"1":{"start":{"line":5,"column":29},"end":{"line":11,"column":1}},"2":{"start":{"line":7,"column":18},"end":{"line":9,"column":6}},"3":{"start":{"line":10,"column":4},"end":{"line":10,"column":17}}},"fnMap":{"0":{"name":"(anonymous_0)","decl":{"start":{"line":5,"column":29},"end":{"line":5,"column":30}},"loc":{"start":{"line":5,"column":41},"end":{"line":11,"column":1}},"line":5}},"branchMap":{},"s":{"0":1,"1":1,"2":2,"3":1},"f":{"0":2},"b":{},"_coverageSchema":"1a1c01bbd47fc00a2c39e90264f33305004495a9","hash":"b27eadd415775935e5fba23f0c937d149bd9b25b"}
,"C:\\Users\\Diego Madrid\\Desktop\\Proyecto tinder\\ELECTIVA2-CLON_TINDER-DJV\\src\\domain\\services\\matchesService.js": {"path":"C:\\Users\\Diego Madrid\\Desktop\\Proyecto tinder\\ELECTIVA2-CLON_TINDER-DJV\\src\\domain\\services\\matchesService.js","statementMap":{"0":{"start":{"line":3,"column":36},"end":{"line":17,"column":1}},"1":{"start":{"line":4,"column":4},"end":{"line":16,"column":5}},"2":{"start":{"line":5,"column":21},"end":{"line":5,"column":38}},"3":{"start":{"line":6,"column":23},"end":{"line":10,"column":34}},"4":{"start":{"line":11,"column":25},"end":{"line":11,"column":44}},"5":{"start":{"line":12,"column":8},"end":{"line":12,"column":24}},"6":{"start":{"line":14,"column":8},"end":{"line":14,"column":27}},"7":{"start":{"line":15,"column":8},"end":{"line":15,"column":97}},"8":{"start":{"line":19,"column":34},"end":{"line":34,"column":1}},"9":{"start":{"line":20,"column":4},"end":{"line":33,"column":5}},"10":{"start":{"line":21,"column":21},"end":{"line":21,"column":38}},"11":{"start":{"line":22,"column":23},"end":{"line":27,"column":34}},"12":{"start":{"line":29,"column":8},"end":{"line":29,"column":17}},"13":{"start":{"line":31,"column":8},"end":{"line":31,"column":27}},"14":{"start":{"line":32,"column":8},"end":{"line":32,"column":97}}},"fnMap":{"0":{"name":"(anonymous_0)","decl":{"start":{"line":3,"column":36},"end":{"line":3,"column":37}},"loc":{"start":{"line":3,"column":64},"end":{"line":17,"column":1}},"line":3},"1":{"name":"(anonymous_1)","decl":{"start":{"line":19,"column":34},"end":{"line":19,"column":35}},"loc":{"start":{"line":19,"column":70},"end":{"line":34,"column":1}},"line":19}},"branchMap":{},"s":{"0":4,"1":2,"2":2,"3":0,"4":0,"5":0,"6":0,"7":0,"8":4,"9":2,"10":2,"11":0,"12":0,"13":0,"14":0},"f":{"0":2,"1":2},"b":{},"_coverageSchema":"1a1c01bbd47fc00a2c39e90264f33305004495a9","hash":"86c042b67db8312a9b35cd89a22397c8372723d5"}
,"C:\\Users\\Diego Madrid\\Desktop\\Proyecto tinder\\ELECTIVA2-CLON_TINDER-DJV\\src\\domain\\services\\randomStringService.js": {"path":"C:\\Users\\Diego Madrid\\Desktop\\Proyecto tinder\\ELECTIVA2-CLON_TINDER-DJV\\src\\domain\\services\\randomStringService.js","statementMap":{"0":{"start":{"line":3,"column":28},"end":{"line":5,"column":1}},"1":{"start":{"line":4,"column":4},"end":{"line":4,"column":20}}},"fnMap":{"0":{"name":"(anonymous_0)","decl":{"start":{"line":3,"column":28},"end":{"line":3,"column":29}},"loc":{"start":{"line":3,"column":34},"end":{"line":5,"column":1}},"line":3}},"branchMap":{},"s":{"0":1,"1":1},"f":{"0":1},"b":{},"_coverageSchema":"1a1c01bbd47fc00a2c39e90264f33305004495a9","hash":"bb520668f3e755d0f2e705c5eb84ba4d676be240"}
,"C:\\Users\\Diego Madrid\\Desktop\\Proyecto tinder\\ELECTIVA2-CLON_TINDER-DJV\\src\\domain\\services\\usersService.js": {"path":"C:\\Users\\Diego Madrid\\Desktop\\Proyecto tinder\\ELECTIVA2-CLON_TINDER-DJV\\src\\domain\\services\\usersService.js","statementMap":{"0":{"start":{"line":3,"column":47},"end":{"line":18,"column":1}},"1":{"start":{"line":4,"column":4},"end":{"line":17,"column":5}},"2":{"start":{"line":5,"column":21},"end":{"line":5,"column":38}},"3":{"start":{"line":6,"column":23},"end":{"line":9,"column":32}},"4":{"start":{"line":10,"column":25},"end":{"line":10,"column":44}},"5":{"start":{"line":11,"column":8},"end":{"line":11,"column":61}},"6":{"start":{"line":12,"column":8},"end":{"line":12,"column":60}},"7":{"start":{"line":13,"column":8},"end":{"line":13,"column":24}},"8":{"start":{"line":15,"column":8},"end":{"line":15,"column":27}},"9":{"start":{"line":16,"column":8},"end":{"line":16,"column":97}},"10":{"start":{"line":21,"column":36},"end":{"line":33,"column":1}},"11":{"start":{"line":22,"column":4},"end":{"line":32,"column":5}},"12":{"start":{"line":23,"column":21},"end":{"line":23,"column":38}},"13":{"start":{"line":24,"column":23},"end":{"line":27,"column":33}},"14":{"start":{"line":28,"column":25},"end":{"line":28,"column":41}},"15":{"start":{"line":29,"column":8},"end":{"line":29,"column":24}},"16":{"start":{"line":31,"column":8},"end":{"line":31,"column":44}},"17":{"start":{"line":35,"column":49},"end":{"line":57,"column":1}},"18":{"start":{"line":36,"column":4},"end":{"line":56,"column":5}},"19":{"start":{"line":37,"column":21},"end":{"line":37,"column":38}},"20":{"start":{"line":38,"column":23},"end":{"line":41,"column":32}},"21":{"start":{"line":42,"column":25},"end":{"line":42,"column":44}},"22":{"start":{"line":43,"column":7},"end":{"line":45,"column":8}},"23":{"start":{"line":44,"column":8},"end":{"line":44,"column":20}},"24":{"start":{"line":47,"column":28},"end":{"line":47,"column":50}},"25":{"start":{"line":50,"column":8},"end":{"line":50,"column":66}},"26":{"start":{"line":51,"column":8},"end":{"line":51,"column":65}},"27":{"start":{"line":52,"column":8},"end":{"line":52,"column":24}},"28":{"start":{"line":54,"column":8},"end":{"line":54,"column":27}},"29":{"start":{"line":55,"column":8},"end":{"line":55,"column":97}},"30":{"start":{"line":59,"column":34},"end":{"line":72,"column":1}},"31":{"start":{"line":60,"column":4},"end":{"line":71,"column":5}},"32":{"start":{"line":61,"column":21},"end":{"line":61,"column":38}},"33":{"start":{"line":62,"column":23},"end":{"line":65,"column":34}},"34":{"start":{"line":66,"column":25},"end":{"line":66,"column":41}},"35":{"start":{"line":67,"column":8},"end":{"line":67,"column":24}},"36":{"start":{"line":69,"column":8},"end":{"line":69,"column":27}},"37":{"start":{"line":70,"column":8},"end":{"line":70,"column":97}},"38":{"start":{"line":74,"column":37},"end":{"line":91,"column":1}},"39":{"start":{"line":75,"column":4},"end":{"line":90,"column":5}},"40":{"start":{"line":76,"column":8},"end":{"line":76,"column":29}},"41":{"start":{"line":78,"column":21},"end":{"line":78,"column":38}},"42":{"start":{"line":79,"column":23},"end":{"line":84,"column":32}},"43":{"start":{"line":85,"column":25},"end":{"line":85,"column":41}},"44":{"start":{"line":86,"column":8},"end":{"line":86,"column":24}},"45":{"start":{"line":88,"column":8},"end":{"line":88,"column":27}},"46":{"start":{"line":89,"column":8},"end":{"line":89,"column":97}},"47":{"start":{"line":94,"column":35},"end":{"line":111,"column":1}},"48":{"start":{"line":95,"column":4},"end":{"line":110,"column":5}},"49":{"start":{"line":96,"column":21},"end":{"line":96,"column":38}},"50":{"start":{"line":97,"column":23},"end":{"line":100,"column":32}},"51":{"start":{"line":101,"column":25},"end":{"line":101,"column":41}},"52":{"start":{"line":103,"column":8},"end":{"line":105,"column":9}},"53":{"start":{"line":104,"column":12},"end":{"line":104,"column":68}},"54":{"start":{"line":106,"column":8},"end":{"line":106,"column":24}},"55":{"start":{"line":108,"column":8},"end":{"line":108,"column":27}},"56":{"start":{"line":109,"column":8},"end":{"line":109,"column":97}},"57":{"start":{"line":113,"column":34},"end":{"line":126,"column":1}},"58":{"start":{"line":114,"column":4},"end":{"line":125,"column":5}},"59":{"start":{"line":115,"column":21},"end":{"line":115,"column":38}},"60":{"start":{"line":116,"column":23},"end":{"line":119,"column":32}},"61":{"start":{"line":120,"column":25},"end":{"line":120,"column":41}},"62":{"start":{"line":121,"column":8},"end":{"line":121,"column":24}},"63":{"start":{"line":123,"column":8},"end":{"line":123,"column":27}},"64":{"start":{"line":124,"column":8},"end":{"line":124,"column":97}}},"fnMap":{"0":{"name":"(anonymous_0)","decl":{"start":{"line":3,"column":47},"end":{"line":3,"column":48}},"loc":{"start":{"line":3,"column":65},"end":{"line":18,"column":1}},"line":3},"1":{"name":"(anonymous_1)","decl":{"start":{"line":21,"column":36},"end":{"line":21,"column":37}},"loc":{"start":{"line":21,"column":54},"end":{"line":33,"column":1}},"line":21},"2":{"name":"(anonymous_2)","decl":{"start":{"line":35,"column":49},"end":{"line":35,"column":50}},"loc":{"start":{"line":35,"column":67},"end":{"line":57,"column":1}},"line":35},"3":{"name":"(anonymous_3)","decl":{"start":{"line":59,"column":34},"end":{"line":59,"column":35}},"loc":{"start":{"line":59,"column":52},"end":{"line":72,"column":1}},"line":59},"4":{"name":"(anonymous_4)","decl":{"start":{"line":74,"column":37},"end":{"line":74,"column":38}},"loc":{"start":{"line":74,"column":71},"end":{"line":91,"column":1}},"line":74},"5":{"name":"(anonymous_5)","decl":{"start":{"line":94,"column":35},"end":{"line":94,"column":36}},"loc":{"start":{"line":94,"column":53},"end":{"line":111,"column":1}},"line":94},"6":{"name":"(anonymous_6)","decl":{"start":{"line":113,"column":34},"end":{"line":113,"column":35}},"loc":{"start":{"line":113,"column":53},"end":{"line":126,"column":1}},"line":113}},"branchMap":{"0":{"loc":{"start":{"line":43,"column":7},"end":{"line":45,"column":8}},"type":"if","locations":[{"start":{"line":43,"column":7},"end":{"line":45,"column":8}},{"start":{},"end":{}}],"line":43}},"s":{"0":4,"1":0,"2":0,"3":0,"4":0,"5":0,"6":0,"7":0,"8":0,"9":0,"10":4,"11":0,"12":0,"13":0,"14":0,"15":0,"16":0,"17":4,"18":0,"19":0,"20":0,"21":0,"22":0,"23":0,"24":0,"25":0,"26":0,"27":0,"28":0,"29":0,"30":4,"31":0,"32":0,"33":0,"34":0,"35":0,"36":0,"37":0,"38":4,"39":0,"40":0,"41":0,"42":0,"43":0,"44":0,"45":0,"46":0,"47":4,"48":0,"49":0,"50":0,"51":0,"52":0,"53":0,"54":0,"55":0,"56":0,"57":4,"58":0,"59":0,"60":0,"61":0,"62":0,"63":0,"64":0},"f":{"0":0,"1":0,"2":0,"3":0,"4":0,"5":0,"6":0},"b":{"0":[0,0]},"_coverageSchema":"1a1c01bbd47fc00a2c39e90264f33305004495a9","hash":"3d685b0dc602ea5896e41d9ab011670c37af7994"}
,"C:\\Users\\Diego Madrid\\Desktop\\Proyecto tinder\\ELECTIVA2-CLON_TINDER-DJV\\src\\infrastructure\\blobstorage\\blobStorage.js": {"path":"C:\\Users\\Diego Madrid\\Desktop\\Proyecto tinder\\ELECTIVA2-CLON_TINDER-DJV\\src\\infrastructure\\blobstorage\\blobStorage.js","statementMap":{"0":{"start":{"line":3,"column":12},"end":{"line":3,"column":199}},"1":{"start":{"line":4,"column":26},"end":{"line":4,"column":69}},"2":{"start":{"line":6,"column":39},"end":{"line":25,"column":1}},"3":{"start":{"line":7,"column":4},"end":{"line":24,"column":5}},"4":{"start":{"line":8,"column":23},"end":{"line":8,"column":57}},"5":{"start":{"line":9,"column":32},"end":{"line":9,"column":83}},"6":{"start":{"line":10,"column":8},"end":{"line":10,"column":73}},"7":{"start":{"line":13,"column":32},"end":{"line":13,"column":76}},"8":{"start":{"line":16,"column":8},"end":{"line":18,"column":11}},"9":{"start":{"line":20,"column":8},"end":{"line":20,"column":35}},"10":{"start":{"line":22,"column":8},"end":{"line":22,"column":27}}},"fnMap":{"0":{"name":"(anonymous_0)","decl":{"start":{"line":6,"column":39},"end":{"line":6,"column":40}},"loc":{"start":{"line":6,"column":92},"end":{"line":25,"column":1}},"line":6}},"branchMap":{},"s":{"0":1,"1":1,"2":1,"3":2,"4":2,"5":2,"6":0,"7":0,"8":0,"9":0,"10":2},"f":{"0":2},"b":{},"_coverageSchema":"1a1c01bbd47fc00a2c39e90264f33305004495a9","hash":"72a31b4ce53a983a1be0fadfd674afa6bd01dc5c"}
,"C:\\Users\\Diego Madrid\\Desktop\\Proyecto tinder\\ELECTIVA2-CLON_TINDER-DJV\\src\\infrastructure\\databases\\config.js": {"path":"C:\\Users\\Diego Madrid\\Desktop\\Proyecto tinder\\ELECTIVA2-CLON_TINDER-DJV\\src\\infrastructure\\databases\\config.js","statementMap":{"0":{"start":{"line":2,"column":0},"end":{"line":2,"column":16}},"1":{"start":{"line":4,"column":18},"end":{"line":14,"column":1}}},"fnMap":{},"branchMap":{},"s":{"0":7,"1":7},"f":{},"b":{},"_coverageSchema":"1a1c01bbd47fc00a2c39e90264f33305004495a9","hash":"05400d8987a41bada6697c623bcf7f71d2167a37"}
,"C:\\Users\\Diego Madrid\\Desktop\\Proyecto tinder\\ELECTIVA2-CLON_TINDER-DJV\\src\\infrastructure\\databases\\mySqlRepository.js": {"path":"C:\\Users\\Diego Madrid\\Desktop\\Proyecto tinder\\ELECTIVA2-CLON_TINDER-DJV\\src\\infrastructure\\databases\\mySqlRepository.js","statementMap":{"0":{"start":{"line":4,"column":27},"end":{"line":10,"column":70}},"1":{"start":{"line":7,"column":4},"end":{"line":7,"column":49}},"2":{"start":{"line":8,"column":4},"end":{"line":8,"column":16}},"3":{"start":{"line":10,"column":16},"end":{"line":10,"column":69}}},"fnMap":{"0":{"name":"(anonymous_0)","decl":{"start":{"line":6,"column":8},"end":{"line":6,"column":9}},"loc":{"start":{"line":6,"column":16},"end":{"line":9,"column":3}},"line":6},"1":{"name":"(anonymous_1)","decl":{"start":{"line":10,"column":9},"end":{"line":10,"column":10}},"loc":{"start":{"line":10,"column":16},"end":{"line":10,"column":69}},"line":10}},"branchMap":{},"s":{"0":7,"1":1,"2":1,"3":0},"f":{"0":1,"1":0},"b":{},"_coverageSchema":"1a1c01bbd47fc00a2c39e90264f33305004495a9","hash":"c59ab4d0a0c43664be6cd44f8ba3f919c749c03b"}
}
