TN:
SF:src\application\controllers\authUserContoller.js
FN:7,(anonymous_0)
FN:31,(anonymous_1)
FN:45,(anonymous_2)
FNF:3
FNH:3
FNDA:1,(anonymous_0)
FNDA:2,(anonymous_1)
FNDA:4,(anonymous_2)
DA:7,3
DA:9,1
DA:10,1
DA:16,1
DA:22,0
DA:23,0
DA:31,3
DA:32,2
DA:33,2
DA:34,2
DA:35,1
DA:37,1
DA:45,3
DA:46,4
DA:47,4
DA:48,4
DA:49,3
DA:50,1
DA:56,2
DA:57,2
DA:58,2
DA:59,2
DA:60,1
DA:66,1
DA:67,1
DA:71,1
DA:73,1
LF:27
LH:25
BRDA:49,0,0,1
BRDA:49,0,1,2
BRDA:59,1,0,1
BRDA:59,1,1,1
BRF:4
BRH:4
end_of_record
TN:
SF:src\application\controllers\hobbiesController.js
FN:3,(anonymous_0)
FNF:1
FNH:1
FNDA:1,(anonymous_0)
DA:3,1
DA:4,1
DA:5,1
DA:6,1
DA:7,1
DA:9,0
DA:11,0
LF:7
LH:5
BRF:0
BRH:0
end_of_record
TN:
SF:src\application\controllers\usersController.js
FN:3,(anonymous_0)
FN:17,(anonymous_1)
FN:31,(anonymous_2)
FNF:3
FNH:3
FNDA:2,(anonymous_0)
FNDA:2,(anonymous_1)
FNDA:2,(anonymous_2)
DA:3,1
DA:4,2
DA:5,2
DA:6,2
DA:7,1
DA:9,1
DA:17,1
DA:18,2
DA:19,2
DA:20,2
DA:21,1
DA:23,1
DA:31,1
DA:32,2
DA:33,2
DA:34,2
DA:40,0
LF:17
LH:16
BRF:0
BRH:0
end_of_record
TN:
SF:src\domain\services\authUserService.js
FN:8,(anonymous_0)
FN:34,(anonymous_1)
FN:42,(anonymous_2)
FN:61,(anonymous_3)
FN:76,(anonymous_4)
FNF:5
FNH:0
FNDA:0,(anonymous_0)
FNDA:0,(anonymous_1)
FNDA:0,(anonymous_2)
FNDA:0,(anonymous_3)
FNDA:0,(anonymous_4)
DA:8,3
DA:9,0
DA:10,0
DA:11,0
DA:12,0
DA:13,0
DA:16,0
DA:33,0
DA:34,0
DA:35,0
DA:42,0
DA:43,0
DA:45,0
DA:52,0
DA:57,0
DA:61,3
DA:63,0
DA:64,0
DA:65,0
DA:69,0
DA:70,0
DA:72,0
DA:76,3
DA:77,0
DA:78,0
DA:83,0
DA:84,0
DA:85,0
LF:28
LH:3
BRF:0
BRH:0
end_of_record
TN:
SF:src\domain\services\hashPasswordService.js
FN:3,(anonymous_0)
FN:10,(anonymous_1)
FNF:2
FNH:2
FNDA:2,(anonymous_0)
FNDA:3,(anonymous_1)
DA:3,5
DA:4,2
DA:5,2
DA:6,1
DA:10,5
DA:11,3
DA:12,3
DA:13,2
DA:15,1
DA:16,1
LF:10
LH:10
BRF:0
BRH:0
end_of_record
TN:
SF:src\domain\services\jwtConfiguratorService.js
FN:5,(anonymous_0)
FNF:1
FNH:1
FNDA:2,(anonymous_0)
DA:3,4
DA:5,4
DA:7,2
DA:10,1
LF:4
LH:4
BRF:0
BRH:0
end_of_record
TN:
SF:src\domain\services\randomStringService.js
FN:3,(anonymous_0)
FNF:1
FNH:1
FNDA:3,(anonymous_0)
DA:3,4
DA:4,3
LF:2
LH:2
BRF:0
BRH:0
end_of_record
TN:
SF:src\domain\services\usersService.js
FN:3,(anonymous_0)
FN:21,(anonymous_1)
FN:35,(anonymous_2)
FN:53,(anonymous_3)
FNF:4
FNH:0
FNDA:0,(anonymous_0)
FNDA:0,(anonymous_1)
FNDA:0,(anonymous_2)
FNDA:0,(anonymous_3)
DA:3,1
DA:4,0
DA:5,0
DA:6,0
DA:10,0
DA:11,0
DA:12,0
DA:13,0
DA:15,0
DA:16,0
DA:21,1
DA:22,0
DA:23,0
DA:24,0
DA:28,0
DA:29,0
DA:31,0
DA:35,1
DA:36,0
DA:37,0
DA:38,0
DA:42,0
DA:43,0
DA:44,0
DA:45,0
DA:46,0
DA:48,0
DA:49,0
DA:53,1
DA:54,0
DA:55,0
DA:56,0
DA:60,0
DA:61,0
DA:63,0
DA:64,0
LF:36
LH:4
BRF:0
BRH:0
end_of_record
TN:
SF:src\infrastructure\blobstorage\blobStorage.js
FN:6,(anonymous_0)
FNF:1
FNH:1
FNDA:2,(anonymous_0)
DA:3,4
DA:4,4
DA:6,4
DA:7,2
DA:8,2
DA:9,2
DA:10,0
DA:13,0
DA:16,0
DA:20,0
DA:21,0
DA:23,2
LF:12
LH:7
BRF:0
BRH:0
end_of_record
TN:
SF:src\infrastructure\databases\config.js
FNF:0
FNH:0
DA:2,5
DA:4,5
LF:2
LH:2
BRF:0
BRH:0
end_of_record
TN:
SF:src\infrastructure\databases\mySqlRepository.js
FN:8,(anonymous_0)
FN:12,(anonymous_1)
FNF:2
FNH:1
FNDA:1,(anonymous_0)
FNDA:0,(anonymous_1)
DA:6,5
DA:9,1
DA:10,1
DA:12,0
LF:4
LH:3
BRF:0
BRH:0
end_of_record
