TN:
SF:src\application\controllers\hobbiesController.js
FN:3,(anonymous_0)
FNF:1
FNH:1
FNDA:1,(anonymous_0)
DA:3,1
DA:4,1
DA:5,1
DA:6,1
DA:7,0
DA:9,0
LF:6
LH:4
BRF:0
BRH:0
end_of_record
TN:
SF:src\application\controllers\usersController.js
FN:4,(anonymous_0)
FN:18,(anonymous_1)
FN:33,(anonymous_2)
FN:54,(anonymous_3)
FN:77,(anonymous_4)
FN:93,(anonymous_5)
FN:114,(anonymous_6)
FNF:7
FNH:7
FNDA:2,(anonymous_0)
FNDA:2,(anonymous_1)
FNDA:2,(anonymous_2)
FNDA:2,(anonymous_3)
FNDA:2,(anonymous_4)
FNDA:2,(anonymous_5)
FNDA:2,(anonymous_6)
DA:4,3
DA:5,2
DA:6,2
DA:7,2
DA:8,1
DA:10,1
DA:18,3
DA:19,2
DA:20,2
DA:22,2
DA:23,1
DA:25,1
DA:33,3
DA:34,2
DA:36,2
DA:37,2
DA:38,2
DA:39,1
DA:45,1
DA:54,3
DA:55,2
DA:57,2
DA:59,2
DA:60,2
DA:61,1
DA:67,1
DA:69,1
DA:77,3
DA:78,2
DA:79,2
DA:80,2
DA:81,1
DA:83,1
DA:85,1
DA:93,3
DA:94,2
DA:95,2
DA:96,2
DA:97,2
DA:98,1
DA:104,1
DA:106,1
DA:114,3
DA:115,2
DA:116,2
DA:117,2
DA:118,1
DA:120,1
DA:122,1
LF:49
LH:49
BRF:0
BRH:0
end_of_record
TN:
SF:src\domain\services\hashPasswordService.js
FN:3,(anonymous_0)
FN:10,(anonymous_1)
FNF:2
FNH:2
FNDA:2,(anonymous_0)
FNDA:3,(anonymous_1)
DA:3,1
DA:4,2
DA:5,2
DA:6,1
DA:10,1
DA:11,3
DA:12,3
DA:13,2
DA:15,1
LF:9
LH:9
BRF:0
BRH:0
end_of_record
TN:
SF:src\domain\services\jwtConfiguratorService.js
FN:5,(anonymous_0)
FNF:1
FNH:1
FNDA:2,(anonymous_0)
DA:3,1
DA:5,1
DA:7,2
DA:10,1
LF:4
LH:4
BRF:0
BRH:0
end_of_record
TN:
SF:src\domain\services\matchesService.js
FN:3,(anonymous_0)
FN:19,(anonymous_1)
FNF:2
FNH:2
FNDA:2,(anonymous_0)
FNDA:2,(anonymous_1)
DA:3,4
DA:4,2
DA:5,2
DA:6,0
DA:11,0
DA:12,0
DA:14,0
DA:15,0
DA:19,4
DA:20,2
DA:21,2
DA:22,0
DA:29,0
DA:31,0
DA:32,0
LF:15
LH:6
BRF:0
BRH:0
end_of_record
TN:
SF:src\domain\services\randomStringService.js
FN:3,(anonymous_0)
FNF:1
FNH:1
FNDA:1,(anonymous_0)
DA:3,1
DA:4,1
LF:2
LH:2
BRF:0
BRH:0
end_of_record
TN:
SF:src\domain\services\usersService.js
FN:3,(anonymous_0)
FN:21,(anonymous_1)
FN:35,(anonymous_2)
FN:59,(anonymous_3)
FN:74,(anonymous_4)
FN:94,(anonymous_5)
FN:113,(anonymous_6)
FNF:7
FNH:0
FNDA:0,(anonymous_0)
FNDA:0,(anonymous_1)
FNDA:0,(anonymous_2)
FNDA:0,(anonymous_3)
FNDA:0,(anonymous_4)
FNDA:0,(anonymous_5)
FNDA:0,(anonymous_6)
DA:3,4
DA:4,0
DA:5,0
DA:6,0
DA:10,0
DA:11,0
DA:12,0
DA:13,0
DA:15,0
DA:16,0
DA:21,4
DA:22,0
DA:23,0
DA:24,0
DA:28,0
DA:29,0
DA:31,0
DA:35,4
DA:36,0
DA:37,0
DA:38,0
DA:42,0
DA:43,0
DA:44,0
DA:47,0
DA:50,0
DA:51,0
DA:52,0
DA:54,0
DA:55,0
DA:59,4
DA:60,0
DA:61,0
DA:62,0
DA:66,0
DA:67,0
DA:69,0
DA:70,0
DA:74,4
DA:75,0
DA:76,0
DA:78,0
DA:79,0
DA:85,0
DA:86,0
DA:88,0
DA:89,0
DA:94,4
DA:95,0
DA:96,0
DA:97,0
DA:101,0
DA:103,0
DA:104,0
DA:106,0
DA:108,0
DA:109,0
DA:113,4
DA:114,0
DA:115,0
DA:116,0
DA:120,0
DA:121,0
DA:123,0
DA:124,0
LF:65
LH:7
BRDA:43,0,0,0
BRDA:43,0,1,0
BRF:2
BRH:0
end_of_record
TN:
SF:src\infrastructure\blobstorage\blobStorage.js
FN:6,(anonymous_0)
FNF:1
FNH:1
FNDA:2,(anonymous_0)
DA:3,1
DA:4,1
DA:6,1
DA:7,2
DA:8,2
DA:9,2
DA:10,0
DA:13,0
DA:16,0
DA:20,0
DA:22,2
LF:11
LH:7
BRF:0
BRH:0
end_of_record
TN:
SF:src\infrastructure\databases\config.js
FNF:0
FNH:0
DA:2,7
DA:4,7
LF:2
LH:2
BRF:0
BRH:0
end_of_record
TN:
SF:src\infrastructure\databases\mySqlRepository.js
FN:6,(anonymous_0)
FN:10,(anonymous_1)
FNF:2
FNH:1
FNDA:1,(anonymous_0)
FNDA:0,(anonymous_1)
DA:4,7
DA:7,1
DA:8,1
DA:10,0
LF:4
LH:3
BRF:0
BRH:0
end_of_record
